
> nexus-trading-bot@2.0.0 frontend
> vite --port 3000


> nexus-trading-bot@2.0.0 frontend
> vite --port 3000


  VITE v6.4.1  ready in 591 ms

  ➜  Local:   http://localhost:3000/
  ➜  Network: use --host to expose

> nexus-trading-bot@2.0.0 start
> node server/index.js


╔══════════════════════════════════════════╗
║       NEXUS Trading Bot v2.0             ║
║       Server running on port 3001         ║
╠══════════════════════════════════════════╣
║  Twelve Data: ENABLED  ✓
║  Telegram:    ENABLED  ✓
║  API:         http://localhost:3001/api  ║
║  WebSocket:   ws://localhost:3001/api/live║
╚══════════════════════════════════════════╝
  
Telegram command polling started
Daily summary scheduled for 23:00 UTC
Twelve Data WebSocket connected
Telegram slash commands registered successfully
WebSocket closed. Reconnecting in 1000ms...
Twelve Data WebSocket connected
WebSocket closed. Reconnecting in 1000ms...
Twelve Data WebSocket connected
Error: ENOENT: no such file or directory, stat '/home/mheloy/nexus-trading-bot/dist/index.html'
Error: ENOENT: no such file or directory, stat '/home/mheloy/nexus-trading-bot/dist/index.html'
WebSocket closed. Reconnecting in 1000ms...
Twelve Data WebSocket connected
WebSocket closed. Reconnecting in 1000ms...
Twelve Data WebSocket connected
WebSocket closed. Reconnecting in 1000ms...
Twelve Data WebSocket connected
WebSocket closed. Reconnecting in 1000ms...
Twelve Data WebSocket connected
WebSocket closed. Reconnecting in 1000ms...
Twelve Data WebSocket connected
WebSocket closed. Reconnecting in 1000ms...
Twelve Data WebSocket connected
WebSocket closed. Reconnecting in 1000ms...
Twelve Data WebSocket connected
WebSocket closed. Reconnecting in 1000ms...
Twelve Data WebSocket connected
WebSocket closed. Reconnecting in 1000ms...
Twelve Data WebSocket connected
WebSocket closed. Reconnecting in 1000ms...
Twelve Data WebSocket connected
WebSocket closed. Reconnecting in 1000ms...
Twelve Data WebSocket connected
WebSocket closed. Reconnecting in 1000ms...
Twelve Data WebSocket connected
WebSocket closed. Reconnecting in 1000ms...
Twelve Data WebSocket connected
WebSocket closed. Reconnecting in 1000ms...
Twelve Data WebSocket connected
WebSocket closed. Reconnecting in 1000ms...
Twelve Data WebSocket connected
WebSocket closed. Reconnecting in 1000ms...
Twelve Data WebSocket connected
WebSocket closed. Reconnecting in 1000ms...
Twelve Data WebSocket connected
WebSocket closed. Reconnecting in 1000ms...
Twelve Data WebSocket connected
WebSocket closed. Reconnecting in 1000ms...
Twelve Data WebSocket connected
WebSocket closed. Reconnecting in 1000ms...
Twelve Data WebSocket connected
WebSocket closed. Reconnecting in 1000ms...
Twelve Data WebSocket connected
WebSocket closed. Reconnecting in 1000ms...
Twelve Data WebSocket connected
WebSocket closed. Reconnecting in 1000ms...
Twelve Data WebSocket connected
WebSocket closed. Reconnecting in 1000ms...
Twelve Data WebSocket connected
WebSocket closed. Reconnecting in 1000ms...
Twelve Data WebSocket connected
WebSocket closed. Reconnecting in 1000ms...
Twelve Data WebSocket connected
WebSocket closed. Reconnecting in 1000ms...
Twelve Data WebSocket connected
WebSocket closed. Reconnecting in 1000ms...
Twelve Data WebSocket connected
WebSocket closed. Reconnecting in 1000ms...
Twelve Data WebSocket connected
WebSocket closed. Reconnecting in 1000ms...
Twelve Data WebSocket connected
WebSocket closed. Reconnecting in 1000ms...
Twelve Data WebSocket connected
WebSocket closed. Reconnecting in 1000ms...
Twelve Data WebSocket connected
WebSocket closed. Reconnecting in 1000ms...
Twelve Data WebSocket connected
WebSocket closed. Reconnecting in 1000ms...
Twelve Data WebSocket connected
WebSocket closed. Reconnecting in 1000ms...
Twelve Data WebSocket connected
WebSocket closed. Reconnecting in 1000ms...
Twelve Data WebSocket connected
WebSocket closed. Reconnecting in 1000ms...
Twelve Data WebSocket connected
WebSocket closed. Reconnecting in 1000ms...
Twelve Data WebSocket connected
WebSocket closed. Reconnecting in 1000ms...
Twelve Data WebSocket connected
WebSocket closed. Reconnecting in 1000ms...
Twelve Data WebSocket connected
WebSocket closed. Reconnecting in 1000ms...
Twelve Data WebSocket connected
WebSocket closed. Reconnecting in 1000ms...
Twelve Data WebSocket connected
WebSocket closed. Reconnecting in 1000ms...
Twelve Data WebSocket connected
WebSocket closed. Reconnecting in 1000ms...
Twelve Data WebSocket connected
WebSocket closed. Reconnecting in 1000ms...
Twelve Data WebSocket connected
WebSocket closed. Reconnecting in 1000ms...
Twelve Data WebSocket connected
WebSocket closed. Reconnecting in 1000ms...
Twelve Data WebSocket connected
WebSocket closed. Reconnecting in 1000ms...
Twelve Data WebSocket connected
WebSocket closed. Reconnecting in 1000ms...
Twelve Data WebSocket connected
WebSocket closed. Reconnecting in 1000ms...
Twelve Data WebSocket connected
WebSocket closed. Reconnecting in 1000ms...
Twelve Data WebSocket connected
WebSocket closed. Reconnecting in 1000ms...
Twelve Data WebSocket connected
WebSocket closed. Reconnecting in 1000ms...
Twelve Data WebSocket connected
WebSocket closed. Reconnecting in 1000ms...
Twelve Data WebSocket connected
WebSocket closed. Reconnecting in 1000ms...
Twelve Data WebSocket connected
WebSocket closed. Reconnecting in 1000ms...
Twelve Data WebSocket connected
WebSocket closed. Reconnecting in 1000ms...
Twelve Data WebSocket connected
WebSocket closed. Reconnecting in 1000ms...
Twelve Data WebSocket connected
WebSocket closed. Reconnecting in 1000ms...
Twelve Data WebSocket connected
Telegram polling error: Request timeout
WebSocket closed. Reconnecting in 1000ms...
Twelve Data WebSocket connected
Telegram polling error: Request timeout
WebSocket closed. Reconnecting in 1000ms...
Twelve Data WebSocket connected
WebSocket closed. Reconnecting in 1000ms...
Twelve Data WebSocket connected
WebSocket closed. Reconnecting in 1000ms...
Twelve Data WebSocket connected
WebSocket closed. Reconnecting in 1000ms...
Twelve Data WebSocket connected
WebSocket closed. Reconnecting in 1000ms...
Twelve Data WebSocket connected
WebSocket closed. Reconnecting in 1000ms...
Twelve Data WebSocket connected
WebSocket closed. Reconnecting in 1000ms...
Twelve Data WebSocket connected
WebSocket closed. Reconnecting in 1000ms...
Twelve Data WebSocket connected
WebSocket closed. Reconnecting in 1000ms...
Twelve Data WebSocket connected
WebSocket closed. Reconnecting in 1000ms...
Twelve Data WebSocket connected
WebSocket closed. Reconnecting in 1000ms...
Twelve Data WebSocket connected
Telegram polling error: Request timeout
WebSocket closed. Reconnecting in 1000ms...
Twelve Data WebSocket connected
WebSocket closed. Reconnecting in 1000ms...
Twelve Data WebSocket connected
WebSocket closed. Reconnecting in 1000ms...
Twelve Data WebSocket connected
WebSocket closed. Reconnecting in 1000ms...
Twelve Data WebSocket connected
WebSocket closed. Reconnecting in 1000ms...
Twelve Data WebSocket connected
WebSocket closed. Reconnecting in 1000ms...
Twelve Data WebSocket connected
WebSocket closed. Reconnecting in 1000ms...
Twelve Data WebSocket connected
WebSocket closed. Reconnecting in 1000ms...
Twelve Data WebSocket connected
WebSocket closed. Reconnecting in 1000ms...
Twelve Data WebSocket connected
WebSocket closed. Reconnecting in 1000ms...
Twelve Data WebSocket connected
WebSocket closed. Reconnecting in 1000ms...
Twelve Data WebSocket connected
WebSocket closed. Reconnecting in 1000ms...
Twelve Data WebSocket connected
Telegram polling error: Request timeout
WebSocket closed. Reconnecting in 1000ms...
Twelve Data WebSocket connected
Telegram polling error: Request timeout
Telegram polling error: Request timeout
WebSocket closed. Reconnecting in 1000ms...
Twelve Data WebSocket connected
WebSocket closed. Reconnecting in 1000ms...
Twelve Data WebSocket connected
WebSocket closed. Reconnecting in 1000ms...
Twelve Data WebSocket connected
WebSocket closed. Reconnecting in 1000ms...
Twelve Data WebSocket connected
WebSocket closed. Reconnecting in 1000ms...
Twelve Data WebSocket connected
WebSocket closed. Reconnecting in 1000ms...
Twelve Data WebSocket connected
WebSocket closed. Reconnecting in 1000ms...
Twelve Data WebSocket connected
WebSocket closed. Reconnecting in 1000ms...
Twelve Data WebSocket connected
WebSocket closed. Reconnecting in 1000ms...
Twelve Data WebSocket connected
WebSocket closed. Reconnecting in 1000ms...
Twelve Data WebSocket connected
WebSocket closed. Reconnecting in 1000ms...
Twelve Data WebSocket connected
WebSocket closed. Reconnecting in 1000ms...
Twelve Data WebSocket connected
WebSocket closed. Reconnecting in 1000ms...
Twelve Data WebSocket connected
WebSocket closed. Reconnecting in 1000ms...
Twelve Data WebSocket connected
WebSocket closed. Reconnecting in 1000ms...
Twelve Data WebSocket connected
WebSocket closed. Reconnecting in 1000ms...
Twelve Data WebSocket connected
WebSocket closed. Reconnecting in 1000ms...
Twelve Data WebSocket connected
Telegram polling error: Request timeout
Telegram polling error: Request timeout
